<?xml version="1.0" encoding="UTF-8"?>
<!-- Generated by org.testng.reporters.JUnitReportReporter -->
<testsuite hostname="Nhi" failures="0" tests="2" name="testExcel.TestExcelDelete" time="32.714" errors="0" timestamp="2023-08-05T09:39:18 ICT" skipped="0">
  <testcase classname="testExcel.TestExcelDelete" name="Login" time="5.364"/>
  <testcase classname="testExcel.TestExcelDelete" name="DeleteTest" time="27.350"/>
</testsuite> <!-- testExcel.TestExcelDelete -->
