<?xml version="1.0" encoding="UTF-8"?>
<!-- Generated by org.testng.reporters.JUnitReportReporter -->
<testsuite hostname="Nhi" failures="0" tests="1" name="testExcel.TestExcelLogin" time="46.979" errors="0" timestamp="2023-08-05T12:55:01 ICT" skipped="0">
  <testcase classname="testExcel.TestExcelLogin" name="LoginTest" time="46.979"/>
</testsuite> <!-- testExcel.TestExcelLogin -->
