<?xml version="1.0" encoding="UTF-8"?>
<!-- Generated by org.testng.reporters.JUnitReportReporter -->
<testsuite hostname="Nhi" failures="0" tests="2" name="testExcel.TestExcelUpdate" time="7.841" errors="0" timestamp="2023-08-05T09:41:47 ICT" skipped="0">
  <testcase classname="testExcel.TestExcelUpdate" name="Login" time="7.834"/>
  <testcase classname="testExcel.TestExcelUpdate" name="UpdateTest" time="0.007"/>
</testsuite> <!-- testExcel.TestExcelUpdate -->
