<?xml version="1.0" encoding="UTF-8"?>
<!-- Generated by org.testng.reporters.JUnitReportReporter -->
<testsuite hostname="Nhi" failures="0" tests="1" name="testExcel.TestExcelSignUp" time="62.071" errors="0" timestamp="2023-08-05T12:56:47 ICT" skipped="0">
  <testcase classname="testExcel.TestExcelSignUp" name="SignTest" time="62.071"/>
</testsuite> <!-- testExcel.TestExcelSignUp -->
